<?xml version="1.0" encoding="UTF-8"?>
<testng-results ignored="0" total="1" passed="1" failed="0" skipped="0">
  <reporter-output>
  </reporter-output>
  <suite started-at="2023-12-26T21:02:21 COT" name="Gradle suite" finished-at="2023-12-26T21:02:32 COT" duration-ms="11268">
    <groups>
    </groups>
    <test started-at="2023-12-26T21:02:21 COT" name="Gradle test" finished-at="2023-12-26T21:02:32 COT" duration-ms="11268">
      <class name="basicTest">
        <test-method is-config="true" signature="setUp()[pri:0, instance:basicTest@3571b748]" started-at="2023-12-26T21:02:21 COT" name="setUp" finished-at="2023-12-26T21:02:24 COT" duration-ms="2655" status="PASS">
          <reporter-output>
          </reporter-output>
        </test-method> <!-- setUp -->
        <test-method signature="dropdownTest()[pri:0, instance:basicTest@3571b748]" started-at="2023-12-26T21:02:24 COT" name="dropdownTest" finished-at="2023-12-26T21:02:32 COT" duration-ms="8584" status="PASS">
          <reporter-output>
          </reporter-output>
        </test-method> <!-- dropdownTest -->
      </class> <!-- basicTest -->
    </test> <!-- Gradle test -->
  </suite> <!-- Gradle suite -->
</testng-results>
