<?xml version="1.0" encoding="UTF-8"?>
<testng-results ignored="0" total="1" passed="1" failed="0" skipped="0">
  <reporter-output>
  </reporter-output>
  <suite started-at="2023-12-27T15:23:27 COT" name="Gradle suite" finished-at="2023-12-27T15:24:04 COT" duration-ms="37189">
    <groups>
    </groups>
    <test started-at="2023-12-27T15:23:27 COT" name="Gradle test" finished-at="2023-12-27T15:24:04 COT" duration-ms="37189">
      <class name="BasicTest">
        <test-method is-config="true" signature="setUp()[pri:0, instance:BasicTest@36b4fe2a]" started-at="2023-12-27T15:23:27 COT" name="setUp" finished-at="2023-12-27T15:23:30 COT" duration-ms="2226" status="PASS">
          <reporter-output>
          </reporter-output>
        </test-method> <!-- setUp -->
        <test-method signature="dropdownTest()[pri:0, instance:BasicTest@36b4fe2a]" started-at="2023-12-27T15:23:30 COT" name="dropdownTest" finished-at="2023-12-27T15:24:04 COT" duration-ms="34933" status="PASS">
          <reporter-output>
          </reporter-output>
        </test-method> <!-- dropdownTest -->
      </class> <!-- BasicTest -->
    </test> <!-- Gradle test -->
  </suite> <!-- Gradle suite -->
</testng-results>
